<?xml version="1.0" encoding="UTF-8"?>
<!-- Generated by org.testng.reporters.JUnitReportReporter -->
<testsuite skipped="0" hostname="DESKTOP-4HFEPRR" name="com.training.sanity.tests.RETC_023" tests="1" failures="0" timestamp="05 Mar 2020 07:41:07 GMT" time="27.270" errors="0">
  <testcase name="RETC_022" time="27.270" classname="com.training.sanity.tests.RETC_023"/>
</testsuite> <!-- com.training.sanity.tests.RETC_023 -->
