<?xml version="1.0" encoding="UTF-8"?>
<!-- Generated by org.testng.reporters.JUnitReportReporter -->
<testsuite skipped="0" hostname="DESKTOP-4HFEPRR" name="com.training.sanity.tests.RETC_38" tests="1" failures="0" timestamp="05 Mar 2020 07:34:12 GMT" time="39.579" errors="0">
  <testcase name="RETC_037" time="39.579" classname="com.training.sanity.tests.RETC_38"/>
</testsuite> <!-- com.training.sanity.tests.RETC_38 -->
