<?xml version="1.0" encoding="UTF-8"?>
<!-- Generated by org.testng.reporters.JUnitReportReporter -->
<testsuite skipped="0" hostname="DESKTOP-4HFEPRR" name="com.training.sanity.tests.RETC_037" tests="1" failures="0" timestamp="04 Mar 2020 23:49:47 GMT" time="53.487" errors="0">
  <testcase name="RETC_037" time="53.487" classname="com.training.sanity.tests.RETC_037"/>
</testsuite> <!-- com.training.sanity.tests.RETC_037 -->
