<?xml version="1.0" encoding="UTF-8"?>
<!-- Generated by org.testng.reporters.JUnitReportReporter -->
<testsuite skipped="0" hostname="DESKTOP-4HFEPRR" name="com.training.sanity.tests.UNF_078" tests="1" failures="0" timestamp="13 Mar 2020 01:12:59 GMT" time="51.359" errors="0">
  <testcase name="UNF_078" time="51.359" classname="com.training.sanity.tests.UNF_078"/>
</testsuite> <!-- com.training.sanity.tests.UNF_078 -->
